<?xml version="1.0" encoding="UTF-8"?>
<testsuite name="com.company.birthdayprob.logic.LogicUnitTests" tests="2" skipped="0" failures="0" errors="0" timestamp="2022-03-31T09:51:59" hostname="DESKTOP-HK8IUOA" time="79.378">
  <properties/>
  <testcase name="testResultRange" classname="com.company.birthdayprob.logic.LogicUnitTests" time="79.262"/>
  <testcase name="testCalculateThreshold" classname="com.company.birthdayprob.logic.LogicUnitTests" time="0.116"/>
  <system-out><![CDATA[]]></system-out>
  <system-err><![CDATA[]]></system-err>
</testsuite>
